<?xml version="1.0" encoding="UTF-8"?>
<!-- Generated by org.testng.reporters.JUnitReportReporter -->
<testsuite hostname="ManojKumar-FVFH71A4Q05N" failures="0" tests="1" name="com.browserstack.BStackDemoTest20" time="29.082" errors="0" timestamp="2024-02-15T14:17:13 IST" skipped="0">
  <testcase classname="com.browserstack.BStackDemoTest20" name="addProductToCart" time="29.082"/>
  <system-out/>
</testsuite> <!-- com.browserstack.BStackDemoTest20 -->
