<?xml version="1.0" encoding="UTF-8"?>
<!-- Generated by org.testng.reporters.JUnitReportReporter -->
<testsuite hostname="ManojKumar-FVFH71A4Q05N" failures="0" tests="1" name="com.browserstack.BStackDemoTest11" time="22.687" errors="0" timestamp="2024-02-15T14:17:13 IST" skipped="0">
  <testcase classname="com.browserstack.BStackDemoTest11" name="addProductToCart" time="22.687"/>
  <system-out/>
</testsuite> <!-- com.browserstack.BStackDemoTest11 -->
